11.2536 	WARNING 	User requested fullscreen with size [1024  768], but screen is actually [3000, 2000]. Using actual size
13.8226 	EXP 	Created window1 = Window(allowGUI=False, allowStencil=False, args=UNKNOWN, autoLog=True, bitsMode=UNKNOWN, blendMode='avg', color=array([0., 0., 0.]), colorSpace='rgb', fullscr=<method-wrapper '__getattribute__' of attributeSetter object at 0x000001BA85A55C18>, gamma=None, gammaErrorPolicy='raise', kwargs=UNKNOWN, lms=UNKNOWN, monitor=<psychopy.monitors.calibTools.Monitor object at 0x000001BA84851400>, multiSample=False, name='window1', numSamples=2, pos=[0.0, 0.0], screen=0, size=array([3000, 2000]), stereo=False, units='height', useFBO=True, useRetina=False, viewOri=0.0, viewPos=None, viewScale=None, waitBlanking=True, winType='pyglet')
13.8227 	EXP 	window1: recordFrameIntervals = False
13.9856 	EXP 	window1: recordFrameIntervals = True
14.1702 	EXP 	window1: recordFrameIntervals = False
14.6273 	EXP 	Created textWelcome = TextStim(__class__=<class 'psychopy.visual.text.TextStim'>, alignHoriz='center', alignVert='center', antialias=True, autoLog=True, bold=False, color='white', colorSpace='named', contrast=1.0, depth=0.0, flipHoriz=False, flipVert=False, font='Arial', fontFiles=[], height=0.1, italic=False, languageStyle='LTR', name='textWelcome', opacity=1.0, ori=0, pos=array([0., 0.]), rgb=array([255., 255., 255.]), text=str(...), units='height', win=Window(...), wrapWidth=1)
14.6286 	EXP 	Created textBlank = TextStim(__class__=<class 'psychopy.visual.text.TextStim'>, alignHoriz='center', alignVert='center', antialias=True, autoLog=True, bold=False, color='white', colorSpace='named', contrast=1.0, depth=0.0, flipHoriz=False, flipVert=False, font='Arial', fontFiles=[], height=0.1, italic=False, languageStyle='LTR', name='textBlank', opacity=1.0, ori=0, pos=array([0., 0.]), rgb=array([255., 255., 255.]), text='\n', units='height', win=Window(...), wrapWidth=1)
14.6398 	EXP 	Created textStudyWord = TextStim(__class__=<class 'psychopy.visual.text.TextStim'>, alignHoriz='center', alignVert='center', antialias=True, autoLog=True, bold=False, color='white', colorSpace='named', contrast=1.0, depth=0.0, flipHoriz=False, flipVert=False, font='Arial', fontFiles=[], height=0.1, italic=False, languageStyle='LTR', name='textStudyWord', opacity=1.0, ori=0, pos=array([0., 0.]), rgb=array([255., 255., 255.]), text='default text', units='height', win=Window(...), wrapWidth=1)
14.6409 	EXP 	Created textBlank = TextStim(__class__=<class 'psychopy.visual.text.TextStim'>, alignHoriz='center', alignVert='center', antialias=True, autoLog=True, bold=False, color='white', colorSpace='named', contrast=1.0, depth=0.0, flipHoriz=False, flipVert=False, font='Arial', fontFiles=[], height=0.1, italic=False, languageStyle='LTR', name='textBlank', opacity=1.0, ori=0, pos=array([0., 0.]), rgb=array([255., 255., 255.]), text='\n', units='height', win=Window(...), wrapWidth=1)
14.6528 	EXP 	Created textWait = TextStim(__class__=<class 'psychopy.visual.text.TextStim'>, alignHoriz='center', alignVert='center', antialias=True, autoLog=True, bold=False, color='white', colorSpace='named', contrast=1.0, depth=0.0, flipHoriz=False, flipVert=False, font='Arial', fontFiles=[], height=0.1, italic=False, languageStyle='LTR', name='textWait', opacity=1.0, ori=0, pos=array([0., 0.]), rgb=array([255., 255., 255.]), text='Please get the researcher', units='height', win=Window(...), wrapWidth=1)
14.6603 	EXP 	Created textWord = TextStim(__class__=<class 'psychopy.visual.text.TextStim'>, alignHoriz='center', alignVert='center', antialias=True, autoLog=True, bold=False, color='white', colorSpace='named', contrast=1.0, depth=0.0, flipHoriz=False, flipVert=False, font='Arial', fontFiles=[], height=0.1, italic=False, languageStyle='LTR', name='textWord', opacity=1.0, ori=0, pos=array([0., 0.]), rgb=array([255., 255., 255.]), text='default text', units='height', win=Window(...), wrapWidth=1)
14.6617 	EXP 	Created textBlank = TextStim(__class__=<class 'psychopy.visual.text.TextStim'>, alignHoriz='center', alignVert='center', antialias=True, autoLog=True, bold=False, color='white', colorSpace='named', contrast=1.0, depth=0.0, flipHoriz=False, flipVert=False, font='Arial', fontFiles=[], height=0.1, italic=False, languageStyle='LTR', name='textBlank', opacity=1.0, ori=0, pos=array([0., 0.]), rgb=array([255., 255., 255.]), text='\n', units='height', win=Window(...), wrapWidth=1)
14.6957 	EXP 	Created textEnd = TextStim(__class__=<class 'psychopy.visual.text.TextStim'>, alignHoriz='center', alignVert='center', antialias=True, autoLog=True, bold=False, color='white', colorSpace='named', contrast=1.0, depth=0.0, flipHoriz=False, flipVert=False, font='Arial', fontFiles=[], height=0.1, italic=False, languageStyle='LTR', name='textEnd', opacity=1.0, ori=0, pos=array([0., 0.]), rgb=array([255., 255., 255.]), text=str(...), units='height', win=Window(...), wrapWidth=1)
14.7436 	EXP 	textWelcome: autoDraw = True
1040.4065 	DATA 	Keypress: space
1040.4307 	EXP 	textWelcome: autoDraw = False
1040.4307 	EXP 	textBlank: autoDraw = True
1041.0613 	EXP 	Imported wordstimuli.xlsx as conditions, 6 conditions, 2 params
1041.0622 	EXP 	Created sequence: random, trialTypes=6, nReps=1, seed=None
1041.0627 	EXP 	New trial (rep=0, index=0): OrderedDict([('WordItem', 'VIGNESH'), ('WordColor', 'blue')])
1041.1014 	EXP 	textBlank: autoDraw = False
1041.1014 	EXP 	textStudyWord: color = 'blue (named)'
1041.1014 	EXP 	textStudyWord: text = 'VIGNESH'
1041.1014 	EXP 	textStudyWord: autoDraw = True
1042.9394 	EXP 	textStudyWord: autoDraw = False
1042.9394 	EXP 	textBlank: autoDraw = True
1043.4242 	EXP 	New trial (rep=0, index=1): OrderedDict([('WordItem', 'JAY'), ('WordColor', 'green')])
1043.4884 	EXP 	textBlank: autoDraw = False
1043.4884 	EXP 	textStudyWord: color = 'green (named)'
1043.4884 	EXP 	textStudyWord: text = 'JAY'
1043.4884 	EXP 	textStudyWord: autoDraw = True
1045.4390 	EXP 	textStudyWord: autoDraw = False
1045.4390 	EXP 	textBlank: autoDraw = True
1045.9241 	EXP 	New trial (rep=0, index=2): OrderedDict([('WordItem', 'VARUNIL'), ('WordColor', 'green')])
1046.0081 	EXP 	textBlank: autoDraw = False
1046.0081 	EXP 	textStudyWord: color = 'green (named)'
1046.0081 	EXP 	textStudyWord: text = 'VARUNIL'
1046.0081 	EXP 	textStudyWord: autoDraw = True
1047.9377 	EXP 	textStudyWord: autoDraw = False
1047.9377 	EXP 	textBlank: autoDraw = True
1048.4228 	EXP 	New trial (rep=0, index=3): OrderedDict([('WordItem', 'ISBAH'), ('WordColor', 'blue')])
1048.4756 	EXP 	textBlank: autoDraw = False
1048.4756 	EXP 	textStudyWord: color = 'blue (named)'
1048.4756 	EXP 	textStudyWord: text = 'ISBAH'
1048.4756 	EXP 	textStudyWord: autoDraw = True
1050.4378 	EXP 	textStudyWord: autoDraw = False
1050.4378 	EXP 	textBlank: autoDraw = True
1050.9238 	EXP 	New trial (rep=0, index=4): OrderedDict([('WordItem', 'JAKE'), ('WordColor', 'blue')])
1050.9799 	EXP 	textBlank: autoDraw = False
1050.9799 	EXP 	textStudyWord: color = 'blue (named)'
1050.9799 	EXP 	textStudyWord: text = 'JAKE'
1050.9799 	EXP 	textStudyWord: autoDraw = True
1052.9386 	EXP 	textStudyWord: autoDraw = False
1052.9386 	EXP 	textBlank: autoDraw = True
1053.4242 	EXP 	New trial (rep=0, index=5): OrderedDict([('WordItem', 'STANLEY'), ('WordColor', 'green')])
1053.4838 	EXP 	textBlank: autoDraw = False
1053.4838 	EXP 	textStudyWord: color = 'green (named)'
1053.4838 	EXP 	textStudyWord: text = 'STANLEY'
1053.4838 	EXP 	textStudyWord: autoDraw = True
1055.4386 	EXP 	textStudyWord: autoDraw = False
1055.4386 	EXP 	textBlank: autoDraw = True
1055.9458 	EXP 	textBlank: autoDraw = False
1055.9458 	EXP 	textWait: autoDraw = True
2077.8116 	DATA 	Mouse: Left button down, pos=(338,166)
2077.9595 	DATA 	Mouse:  Left button up, pos=(326,92)
2078.1259 	DATA 	Mouse: Left button down, pos=(329,57)
2078.1265 	DATA 	Mouse:  Left button up, pos=(329,57)
2081.5273 	DATA 	Keypress: quoteleft
2081.5295 	DATA 	Keypress: escape
2081.9569 	EXP 	window1: mouseVisible = True
